[debug] [2022-03-09T13:36:35.852Z] ----------------------------------------------------------------------
[debug] [2022-03-09T13:36:35.854Z] Command:       C:\Program Files\nodejs\node.exe C:\Users\Yehuda\AppData\Roaming\npm\node_modules\firebase-tools\lib\bin\firebase.js init
[debug] [2022-03-09T13:36:35.854Z] CLI Version:   10.2.2
[debug] [2022-03-09T13:36:35.854Z] Platform:      win32
[debug] [2022-03-09T13:36:35.854Z] Node Version:  v14.16.1
[debug] [2022-03-09T13:36:35.855Z] Time:          Wed Mar 09 2022 15:36:35 GMT+0200 (Israel Standard Time)
[debug] [2022-03-09T13:36:35.856Z] ----------------------------------------------------------------------
[debug] 
[debug] [2022-03-09T13:36:35.937Z] > command requires scopes: ["email","openid","https://www.googleapis.com/auth/cloudplatformprojects.readonly","https://www.googleapis.com/auth/firebase","https://www.googleapis.com/auth/cloud-platform"]
[debug] [2022-03-09T13:36:35.937Z] > authorizing via signed-in user (juda.ishta@gmail.com)
[info] 
     ######## #### ########  ######## ########     ###     ######  ########
     ##        ##  ##     ## ##       ##     ##  ##   ##  ##       ##
     ######    ##  ########  ######   ########  #########  ######  ######
     ##        ##  ##    ##  ##       ##     ## ##     ##       ## ##
     ##       #### ##     ## ######## ########  ##     ##  ######  ########

You're about to initialize a Firebase project in this directory:

  C:\Users\Yehuda\Desktop\tech career\projects\git\resume\resume

Before we get started, keep in mind:

  * You are initializing within an existing Firebase project directory

[info] 
=== Project Setup
[info] 
[info] First, let's associate this project directory with a Firebase project.
[info] You can create multiple project aliases by running firebase use --add, 
[info] but for now we'll just set up a default project.
[info] 
[debug] [2022-03-09T13:37:13.513Z] Using project from CLI flag: resume-969db
[debug] [2022-03-09T13:37:13.515Z] >>> [apiv2][query] GET https://firebase.googleapis.com/v1beta1/projects/resume-969db [none]
[debug] [2022-03-09T13:37:14.425Z] <<< [apiv2][status] GET https://firebase.googleapis.com/v1beta1/projects/resume-969db 200
[debug] [2022-03-09T13:37:14.426Z] <<< [apiv2][body] GET https://firebase.googleapis.com/v1beta1/projects/resume-969db {"projectId":"resume-969db","projectNumber":"154062023509","displayName":"resume","name":"projects/resume-969db","resources":{"hostingSite":"resume-969db","realtimeDatabaseInstance":"resume-969db-default-rtdb"},"state":"ACTIVE"}
[info] i  Using project resume-969db (resume) 
[info] 
=== Hosting Setup
[info] 
[info] Your public directory is the folder (relative to your project directory) that
[info] will contain Hosting assets to be uploaded with firebase deploy. If you
[info] have a build process for your assets, use your build's output directory.
[info] 
